-- The C compiler identification is GNU 11.4.0
-- The CXX compiler identification is GNU 11.4.0
-- Detecting C compiler ABI info
-- Detecting C compiler ABI info - done
-- Check for working C compiler: /usr/bin/cc - skipped
-- Detecting C compile features
-- Detecting C compile features - done
-- Detecting CXX compiler ABI info
-- Detecting CXX compiler ABI info - done
-- Check for working CXX compiler: /usr/bin/c++ - skipped
-- Detecting CXX compile features
-- Detecting CXX compile features - done
-- Found ament_cmake: 1.3.11 (/opt/ros/humble/share/ament_cmake/cmake)
-- Found Python3: /usr/bin/python3 (found version "3.10.12") found components: Interpreter
-- Found rclcpp: 16.0.11 (/opt/ros/humble/share/rclcpp/cmake)
-- Found rosidl_generator_c: 3.1.6 (/opt/ros/humble/share/rosidl_generator_c/cmake)
-- Found rosidl_adapter: 3.1.6 (/opt/ros/humble/share/rosidl_adapter/cmake)
-- Found rosidl_generator_cpp: 3.1.6 (/opt/ros/humble/share/rosidl_generator_cpp/cmake)
-- Using all available rosidl_typesupport_c: rosidl_typesupport_fastrtps_c;rosidl_typesupport_introspection_c
-- Using all available rosidl_typesupport_cpp: rosidl_typesupport_fastrtps_cpp;rosidl_typesupport_introspection_cpp
-- Found rmw_implementation_cmake: 6.1.2 (/opt/ros/humble/share/rmw_implementation_cmake/cmake)
-- Found rmw_fastrtps_cpp: 6.2.7 (/opt/ros/humble/share/rmw_fastrtps_cpp/cmake)
-- Found OpenSSL: /home/thornch/miniconda3/envs/onnx/lib/libcrypto.so (found version "3.3.1")
-- Found FastRTPS: /opt/ros/humble/include
-- Using RMW implementation 'rmw_fastrtps_cpp' as default
-- Performing Test CMAKE_HAVE_LIBC_PTHREAD
-- Performing Test CMAKE_HAVE_LIBC_PTHREAD - Success
-- Found Threads: TRUE
-- Found sensor_msgs: 4.2.4 (/opt/ros/humble/share/sensor_msgs/cmake)
-- Found cv_bridge: 3.2.1 (/opt/ros/humble/share/cv_bridge/cmake)
-- Found image_transport: 3.1.10 (/opt/ros/humble/share/image_transport/cmake)
-- Found OpenCV: /usr/local (found version "4.10.0")
-- Configuring done (0.9s)
-- Generating done (0.0s)
-- Build files have been written to: /home/thornch/ROS2_Repo/simple_realsense_ros/build/simple_realsense_ros
[  0%] Built target realsense_viewer_autogen_timestamp_deps
[  0%] Built target depth_subscriber_autogen_timestamp_deps
[  9%] [34m[1mAutomatic MOC and UIC for target realsense_viewer[0m
[ 18%] [34m[1mAutomatic MOC and UIC for target depth_subscriber[0m
[ 18%] Built target depth_subscriber_autogen
[ 27%] [32mBuilding CXX object CMakeFiles/depth_subscriber.dir/src/depth_subscriber.cpp.o[0m
[ 36%] [32mBuilding CXX object CMakeFiles/depth_subscriber.dir/depth_subscriber_autogen/mocs_compilation.cpp.o[0m
[ 36%] Built target realsense_viewer_autogen
[ 63%] [32mBuilding CXX object CMakeFiles/realsense_viewer.dir/realsense_viewer_autogen/mocs_compilation.cpp.o[0m
[ 63%] [32mBuilding CXX object CMakeFiles/realsense_viewer.dir/src/main.cpp.o[0m
[ 63%] [32mBuilding CXX object CMakeFiles/realsense_viewer.dir/src/viewer.cpp.o[0m
[ 72%] [32m[1mLinking CXX executable realsense_viewer[0m
[ 81%] Built target realsense_viewer
[ 90%] [32m[1mLinking CXX executable depth_subscriber[0m
[100%] Built target depth_subscriber
-- Install configuration: ""
-- Installing: /home/thornch/ROS2_Repo/simple_realsense_ros/install/simple_realsense_ros/lib/simple_realsense_ros/realsense_viewer
-- Set non-toolchain portion of runtime path of "/home/thornch/ROS2_Repo/simple_realsense_ros/install/simple_realsense_ros/lib/simple_realsense_ros/realsense_viewer" to ""
-- Installing: /home/thornch/ROS2_Repo/simple_realsense_ros/install/simple_realsense_ros/lib/simple_realsense_ros/depth_subscriber
-- Set non-toolchain portion of runtime path of "/home/thornch/ROS2_Repo/simple_realsense_ros/install/simple_realsense_ros/lib/simple_realsense_ros/depth_subscriber" to ""
-- Installing: /home/thornch/ROS2_Repo/simple_realsense_ros/install/simple_realsense_ros/include
-- Installing: /home/thornch/ROS2_Repo/simple_realsense_ros/install/simple_realsense_ros/include/simple_realsense_ros
-- Installing: /home/thornch/ROS2_Repo/simple_realsense_ros/install/simple_realsense_ros/include/simple_realsense_ros/viewer.h
-- Installing: /home/thornch/ROS2_Repo/simple_realsense_ros/install/simple_realsense_ros/share/ament_index/resource_index/package_run_dependencies/simple_realsense_ros
-- Installing: /home/thornch/ROS2_Repo/simple_realsense_ros/install/simple_realsense_ros/share/ament_index/resource_index/parent_prefix_path/simple_realsense_ros
-- Installing: /home/thornch/ROS2_Repo/simple_realsense_ros/install/simple_realsense_ros/share/simple_realsense_ros/environment/ament_prefix_path.sh
-- Installing: /home/thornch/ROS2_Repo/simple_realsense_ros/install/simple_realsense_ros/share/simple_realsense_ros/environment/ament_prefix_path.dsv
-- Installing: /home/thornch/ROS2_Repo/simple_realsense_ros/install/simple_realsense_ros/share/simple_realsense_ros/environment/path.sh
-- Installing: /home/thornch/ROS2_Repo/simple_realsense_ros/install/simple_realsense_ros/share/simple_realsense_ros/environment/path.dsv
-- Installing: /home/thornch/ROS2_Repo/simple_realsense_ros/install/simple_realsense_ros/share/simple_realsense_ros/local_setup.bash
-- Installing: /home/thornch/ROS2_Repo/simple_realsense_ros/install/simple_realsense_ros/share/simple_realsense_ros/local_setup.sh
-- Installing: /home/thornch/ROS2_Repo/simple_realsense_ros/install/simple_realsense_ros/share/simple_realsense_ros/local_setup.zsh
-- Installing: /home/thornch/ROS2_Repo/simple_realsense_ros/install/simple_realsense_ros/share/simple_realsense_ros/local_setup.dsv
-- Installing: /home/thornch/ROS2_Repo/simple_realsense_ros/install/simple_realsense_ros/share/simple_realsense_ros/package.dsv
-- Installing: /home/thornch/ROS2_Repo/simple_realsense_ros/install/simple_realsense_ros/share/ament_index/resource_index/packages/simple_realsense_ros
-- Installing: /home/thornch/ROS2_Repo/simple_realsense_ros/install/simple_realsense_ros/share/simple_realsense_ros/cmake/simple_realsense_rosConfig.cmake
-- Installing: /home/thornch/ROS2_Repo/simple_realsense_ros/install/simple_realsense_ros/share/simple_realsense_ros/cmake/simple_realsense_rosConfig-version.cmake
-- Installing: /home/thornch/ROS2_Repo/simple_realsense_ros/install/simple_realsense_ros/share/simple_realsense_ros/package.xml
